<?xml version="1.0" encoding="UTF-8"?>
<testsuite name="com.base.SpringBootBaseApplicationTests" tests="1" skipped="0" failures="0" errors="0" timestamp="2016-01-21T11:35:30" hostname="localhost" time="0.0">
  <properties/>
  <testcase name="contextLoads" classname="com.base.SpringBootBaseApplicationTests" time="0.0"/>
  <system-out><![CDATA[2016-01-21 19:35:30.828  INFO 49557 --- [    Test worker] o.s.t.c.support.AbstractContextLoader    : Could not detect default resource locations for test class [com.base.SpringBootBaseApplicationTests]: no resource found for suffixes {-context.xml, Context.groovy}.
2016-01-21 19:35:30.830  INFO 49557 --- [    Test worker] o.s.t.c.web.WebTestContextBootstrapper   : Loaded default TestExecutionListener class names from location [META-INF/spring.factories]: [org.springframework.test.context.web.ServletTestExecutionListener, org.springframework.test.context.support.DirtiesContextBeforeModesTestExecutionListener, org.springframework.test.context.support.DependencyInjectionTestExecutionListener, org.springframework.test.context.support.DirtiesContextTestExecutionListener, org.springframework.test.context.transaction.TransactionalTestExecutionListener, org.springframework.test.context.jdbc.SqlScriptsTestExecutionListener]
2016-01-21 19:35:30.831  INFO 49557 --- [    Test worker] o.s.t.c.web.WebTestContextBootstrapper   : Could not instantiate TestExecutionListener [org.springframework.test.context.transaction.TransactionalTestExecutionListener]. Specify custom listener classes or make the default listener classes (and their required dependencies) available. Offending class: [org/springframework/transaction/interceptor/TransactionAttributeSource]
2016-01-21 19:35:30.831  INFO 49557 --- [    Test worker] o.s.t.c.web.WebTestContextBootstrapper   : Could not instantiate TestExecutionListener [org.springframework.test.context.jdbc.SqlScriptsTestExecutionListener]. Specify custom listener classes or make the default listener classes (and their required dependencies) available. Offending class: [org/springframework/transaction/interceptor/TransactionAttribute]
2016-01-21 19:35:30.831  INFO 49557 --- [    Test worker] o.s.t.c.web.WebTestContextBootstrapper   : Using TestExecutionListeners: [org.springframework.test.context.web.ServletTestExecutionListener@35af1bbc, org.springframework.test.context.support.DirtiesContextBeforeModesTestExecutionListener@790ce0d3, org.springframework.test.context.support.DependencyInjectionTestExecutionListener@587637dc, org.springframework.test.context.support.DirtiesContextTestExecutionListener@7cad92a3]
]]></system-out>
  <system-err><![CDATA[]]></system-err>
</testsuite>
